<?xml version="1.0" encoding="UTF-8"?>
<testng-results ignored="0" total="1" passed="1" failed="0" skipped="0">
  <reporter-output>
  </reporter-output>
  <suite started-at="2024-12-21T17:00:04 ICT" name="Default suite" finished-at="2024-12-21T17:00:12 ICT" duration-ms="7291">
    <groups>
    </groups>
    <test started-at="2024-12-21T17:00:04 ICT" name="Default test" finished-at="2024-12-21T17:00:12 ICT" duration-ms="7291">
      <class name="automation.testsuite.BepTu_SoBepFilterTest">
        <test-method is-config="true" signature="openBrowser()[pri:0, instance:automation.testsuite.BepTu_SoBepFilterTest@5a45133e]" started-at="2024-12-21T17:00:04 ICT" name="openBrowser" finished-at="2024-12-21T17:00:10 ICT" duration-ms="5878" status="PASS">
          <reporter-output>
          </reporter-output>
        </test-method> <!-- openBrowser -->
        <test-method signature="FilterTypeProductsSuccessfully()[pri:1, instance:automation.testsuite.BepTu_SoBepFilterTest@5a45133e]" started-at="2024-12-21T17:00:10 ICT" name="FilterTypeProductsSuccessfully" finished-at="2024-12-21T17:00:12 ICT" duration-ms="1382" status="PASS">
          <reporter-output>
          </reporter-output>
        </test-method> <!-- FilterTypeProductsSuccessfully -->
      </class> <!-- automation.testsuite.BepTu_SoBepFilterTest -->
    </test> <!-- Default test -->
  </suite> <!-- Default suite -->
</testng-results>
